Performing C SOURCE FILE Test CMAKE_HAVE_LIBC_PTHREAD failed with the following output:
Change Dir:  ~/Documents/FRI/3-letnik/RINS/DN3/Robotki/workspace/build/CMakeFiles/CMakeTmp

Run Build Command(s):/usr/bin/make cmTC_35b6a/fast && /usr/bin/make -f CMakeFiles/cmTC_35b6a.dir/build.make CMakeFiles/cmTC_35b6a.dir/build
make[1]: Entering directory ' ~/Documents/FRI/3-letnik/RINS/DN3/Robotki/workspace/build/CMakeFiles/CMakeTmp'
Building C object CMakeFiles/cmTC_35b6a.dir/src.c.o
/usr/bin/cc   -DCMAKE_HAVE_LIBC_PTHREAD   -o CMakeFiles/cmTC_35b6a.dir/src.c.o   -c  ~/Documents/FRI/3-letnik/RINS/DN3/Robotki/workspace/build/CMakeFiles/CMakeTmp/src.c
Linking C executable cmTC_35b6a
/usr/bin/cmake -E cmake_link_script CMakeFiles/cmTC_35b6a.dir/link.txt --verbose=1
/usr/bin/cc  -DCMAKE_HAVE_LIBC_PTHREAD    -rdynamic CMakeFiles/cmTC_35b6a.dir/src.c.o  -o cmTC_35b6a 
/usr/bin/ld: CMakeFiles/cmTC_35b6a.dir/src.c.o: in function `main':
src.c:(.text+0x46): undefined reference to `pthread_create'
/usr/bin/ld: src.c:(.text+0x52): undefined reference to `pthread_detach'
/usr/bin/ld: src.c:(.text+0x63): undefined reference to `pthread_join'
collect2: error: ld returned 1 exit status
make[1]: *** [CMakeFiles/cmTC_35b6a.dir/build.make:87: cmTC_35b6a] Error 1
make[1]: Leaving directory ' ~/Documents/FRI/3-letnik/RINS/DN3/Robotki/workspace/build/CMakeFiles/CMakeTmp'
make: *** [Makefile:121: cmTC_35b6a/fast] Error 2


Source file was:
#include <pthread.h>

void* test_func(void* data)
{
  return data;
}

int main(void)
{
  pthread_t thread;
  pthread_create(&thread, NULL, test_func, NULL);
  pthread_detach(thread);
  pthread_join(thread, NULL);
  pthread_atfork(NULL, NULL, NULL);
  pthread_exit(NULL);

  return 0;
}

Determining if the function pthread_create exists in the pthreads failed with the following output:
Change Dir:  ~/Documents/FRI/3-letnik/RINS/DN3/Robotki/workspace/build/CMakeFiles/CMakeTmp

Run Build Command(s):/usr/bin/make cmTC_7be8f/fast && /usr/bin/make -f CMakeFiles/cmTC_7be8f.dir/build.make CMakeFiles/cmTC_7be8f.dir/build
make[1]: Entering directory ' ~/Documents/FRI/3-letnik/RINS/DN3/Robotki/workspace/build/CMakeFiles/CMakeTmp'
Building C object CMakeFiles/cmTC_7be8f.dir/CheckFunctionExists.c.o
/usr/bin/cc   -DCHECK_FUNCTION_EXISTS=pthread_create   -o CMakeFiles/cmTC_7be8f.dir/CheckFunctionExists.c.o   -c /usr/share/cmake-3.16/Modules/CheckFunctionExists.c
Linking C executable cmTC_7be8f
/usr/bin/cmake -E cmake_link_script CMakeFiles/cmTC_7be8f.dir/link.txt --verbose=1
/usr/bin/cc  -DCHECK_FUNCTION_EXISTS=pthread_create    -rdynamic CMakeFiles/cmTC_7be8f.dir/CheckFunctionExists.c.o  -o cmTC_7be8f  -lpthreads 
/usr/bin/ld: cannot find -lpthreads
collect2: error: ld returned 1 exit status
make[1]: *** [CMakeFiles/cmTC_7be8f.dir/build.make:87: cmTC_7be8f] Error 1
make[1]: Leaving directory ' ~/Documents/FRI/3-letnik/RINS/DN3/Robotki/workspace/build/CMakeFiles/CMakeTmp'
make: *** [Makefile:121: cmTC_7be8f/fast] Error 2



Performing C SOURCE FILE Test CMAKE_HAVE_LIBC_PTHREAD failed with the following output:
Change Dir: /home/nejcskrbec/Documents/FRI/3-letnik/RINS/DN3/Robotki/workspace/build/CMakeFiles/CMakeTmp

Run Build Command(s):/usr/bin/make cmTC_b84c7/fast && make[1]: Entering directory '/home/nejcskrbec/Documents/FRI/3-letnik/RINS/DN3/Robotki/workspace/build/CMakeFiles/CMakeTmp'
/usr/bin/make -f CMakeFiles/cmTC_b84c7.dir/build.make CMakeFiles/cmTC_b84c7.dir/build
make[2]: Entering directory '/home/nejcskrbec/Documents/FRI/3-letnik/RINS/DN3/Robotki/workspace/build/CMakeFiles/CMakeTmp'
Building C object CMakeFiles/cmTC_b84c7.dir/src.c.o
/usr/bin/cc   -DCMAKE_HAVE_LIBC_PTHREAD   -o CMakeFiles/cmTC_b84c7.dir/src.c.o   -c /home/nejcskrbec/Documents/FRI/3-letnik/RINS/DN3/Robotki/workspace/build/CMakeFiles/CMakeTmp/src.c
Linking C executable cmTC_b84c7
/usr/bin/cmake -E cmake_link_script CMakeFiles/cmTC_b84c7.dir/link.txt --verbose=1
/usr/bin/cc  -DCMAKE_HAVE_LIBC_PTHREAD    -rdynamic CMakeFiles/cmTC_b84c7.dir/src.c.o  -o cmTC_b84c7 
/usr/bin/ld: CMakeFiles/cmTC_b84c7.dir/src.c.o: in function `main':
src.c:(.text+0x46): undefined reference to `pthread_create'
/usr/bin/ld: src.c:(.text+0x52): undefined reference to `pthread_detach'
/usr/bin/ld: src.c:(.text+0x63): undefined reference to `pthread_join'
collect2: error: ld returned 1 exit status
make[2]: *** [CMakeFiles/cmTC_b84c7.dir/build.make:87: cmTC_b84c7] Error 1
make[2]: Leaving directory '/home/nejcskrbec/Documents/FRI/3-letnik/RINS/DN3/Robotki/workspace/build/CMakeFiles/CMakeTmp'
make[1]: *** [Makefile:121: cmTC_b84c7/fast] Error 2
make[1]: Leaving directory '/home/nejcskrbec/Documents/FRI/3-letnik/RINS/DN3/Robotki/workspace/build/CMakeFiles/CMakeTmp'


Source file was:
#include <pthread.h>

void* test_func(void* data)
{
  return data;
}

int main(void)
{
  pthread_t thread;
  pthread_create(&thread, NULL, test_func, NULL);
  pthread_detach(thread);
  pthread_join(thread, NULL);
  pthread_atfork(NULL, NULL, NULL);
  pthread_exit(NULL);

  return 0;
}

Determining if the function pthread_create exists in the pthreads failed with the following output:
Change Dir: /home/nejcskrbec/Documents/FRI/3-letnik/RINS/DN3/Robotki/workspace/build/CMakeFiles/CMakeTmp

Run Build Command(s):/usr/bin/make cmTC_cc3f5/fast && make[1]: Entering directory '/home/nejcskrbec/Documents/FRI/3-letnik/RINS/DN3/Robotki/workspace/build/CMakeFiles/CMakeTmp'
/usr/bin/make -f CMakeFiles/cmTC_cc3f5.dir/build.make CMakeFiles/cmTC_cc3f5.dir/build
make[2]: Entering directory '/home/nejcskrbec/Documents/FRI/3-letnik/RINS/DN3/Robotki/workspace/build/CMakeFiles/CMakeTmp'
Building C object CMakeFiles/cmTC_cc3f5.dir/CheckFunctionExists.c.o
/usr/bin/cc   -DCHECK_FUNCTION_EXISTS=pthread_create   -o CMakeFiles/cmTC_cc3f5.dir/CheckFunctionExists.c.o   -c /usr/share/cmake-3.16/Modules/CheckFunctionExists.c
Linking C executable cmTC_cc3f5
/usr/bin/cmake -E cmake_link_script CMakeFiles/cmTC_cc3f5.dir/link.txt --verbose=1
/usr/bin/cc  -DCHECK_FUNCTION_EXISTS=pthread_create    -rdynamic CMakeFiles/cmTC_cc3f5.dir/CheckFunctionExists.c.o  -o cmTC_cc3f5  -lpthreads 
/usr/bin/ld: cannot find -lpthreads
collect2: error: ld returned 1 exit status
make[2]: *** [CMakeFiles/cmTC_cc3f5.dir/build.make:87: cmTC_cc3f5] Error 1
make[2]: Leaving directory '/home/nejcskrbec/Documents/FRI/3-letnik/RINS/DN3/Robotki/workspace/build/CMakeFiles/CMakeTmp'
make[1]: *** [Makefile:121: cmTC_cc3f5/fast] Error 2
make[1]: Leaving directory '/home/nejcskrbec/Documents/FRI/3-letnik/RINS/DN3/Robotki/workspace/build/CMakeFiles/CMakeTmp'



